<?xml version="1.0" encoding="UTF-8"?>
<!-- Generated by org.testng.reporters.JUnitReportReporter -->
<testsuite hostname="Samis-MacBook-Pro.local" name="UnitTest.LaunchChrome" tests="1" failures="0" timestamp="2 Apr 2019 21:26:47 GMT" time="12.693" errors="0">
  <testcase name="launchChrome" time="12.693" classname="UnitTest.LaunchChrome"/>
</testsuite> <!-- UnitTest.LaunchChrome -->
