<?xml version="1.0" encoding="UTF-8"?>
<!-- Generated by org.testng.reporters.JUnitReportReporter -->
<testsuite hostname="Samis-MacBook-Pro.local" name="UnitTest.TestAsserts" tests="1" failures="0" timestamp="27 Apr 2019 12:56:10 GMT" time="0.012" errors="0">
  <testcase name="testm" time="0.012" classname="UnitTest.TestAsserts"/>
</testsuite> <!-- UnitTest.TestAsserts -->
