<?xml version="1.0" encoding="UTF-8"?>
<!-- Generated by org.testng.reporters.JUnitReportReporter -->
<testsuite hostname="Samis-MacBook-Pro.local" name="UnitTest.TestCustomLoggingFunc" tests="1" failures="0" timestamp="8 Apr 2019 23:57:32 GMT" time="0.013" errors="0">
  <testcase name="testLogger" time="0.013" classname="UnitTest.TestCustomLoggingFunc"/>
</testsuite> <!-- UnitTest.TestCustomLoggingFunc -->
