<?xml version="1.0" encoding="UTF-8"?>
<!-- Generated by org.testng.reporters.JUnitReportReporter -->
<testsuite hostname="Samis-MacBook-Pro.local" name="UnitTest.ScratchCode" tests="1" failures="0" timestamp="8 Apr 2019 00:37:15 GMT" time="0.010" errors="0">
  <testcase name="testing" time="0.010" classname="UnitTest.ScratchCode"/>
</testsuite> <!-- UnitTest.ScratchCode -->
