<?xml version="1.0" encoding="UTF-8"?>
<!-- Generated by org.testng.reporters.JUnitReportReporter -->
<testsuite hostname="Samis-MacBook-Pro.local" name="UnitTest.GetCustomer" tests="1" failures="0" timestamp="6 Apr 2019 16:36:30 GMT" time="2.221" errors="0">
  <testcase name="testGetCustomer" time="2.221" classname="UnitTest.GetCustomer"/>
</testsuite> <!-- UnitTest.GetCustomer -->
