<?xml version="1.0" encoding="UTF-8"?>
<!-- Generated by org.testng.reporters.JUnitReportReporter -->
<testsuite hostname="Samis-MacBook-Pro.local" name="UnitTest.GetAccount" tests="1" failures="0" timestamp="7 Apr 2019 16:50:25 GMT" time="1.758" errors="0">
  <testcase name="getAccountRequestHTTPCLIENT" time="1.758" classname="UnitTest.GetAccount"/>
</testsuite> <!-- UnitTest.GetAccount -->
